<?xml version="1.0" encoding="UTF-8"?>
<!-- Generated by org.testng.reporters.JUnitReportReporter -->
<testsuite hostname="GEO" failures="0" tests="1" name="tests.BaseClass" time="0.017" errors="0" timestamp="2021-09-03T16:29:22 IST" skipped="0">
  <testcase classname="tests.BaseClass" name="sampleTest" time="0.017"/>
  <system-out/>
</testsuite> <!-- tests.BaseClass -->
